Start testing: Jan 29 20:04 Central Standard Time (Mexico)
----------------------------------------------------------
Test not available without configuration.  (Missing "-C <config>"?)
1/3 Testing: AllTests
1/3 Test: AllTests
Command: "NOT_AVAILABLE"
Directory: C:/VS/PROJECTS/SINTAXIS/GITHUB/ActividadEnClase3/build
"AllTests" start time: 
Output:
----------------------------------------------------------
<end of output>
Test time =   0.00 sec
----------------------------------------------------------
Test Passed.
"AllTests" end time: Jan 29 20:04 Central Standard Time (Mexico)
"AllTests" time elapsed: 00:00:00
----------------------------------------------------------

Test not available without configuration.  (Missing "-C <config>"?)
2/3 Testing: test_Factorial
2/3 Test: test_Factorial
Command: "NOT_AVAILABLE"
Directory: C:/VS/PROJECTS/SINTAXIS/GITHUB/ActividadEnClase3/build
"test_Factorial" start time: 
Output:
----------------------------------------------------------
<end of output>
Test time =   0.00 sec
----------------------------------------------------------
Test Passed.
"test_Factorial" end time: Jan 29 20:04 Central Standard Time (Mexico)
"test_Factorial" time elapsed: 00:00:00
----------------------------------------------------------

Test not available without configuration.  (Missing "-C <config>"?)
3/3 Testing: test_Operaciones
3/3 Test: test_Operaciones
Command: "NOT_AVAILABLE"
Directory: C:/VS/PROJECTS/SINTAXIS/GITHUB/ActividadEnClase3/build
"test_Operaciones" start time: 
Output:
----------------------------------------------------------
<end of output>
Test time =   0.00 sec
----------------------------------------------------------
Test Passed.
"test_Operaciones" end time: Jan 29 20:04 Central Standard Time (Mexico)
"test_Operaciones" time elapsed: 00:00:00
----------------------------------------------------------

End testing: Jan 29 20:04 Central Standard Time (Mexico)
